<?xml version="1.0" encoding="UTF-8"?>
<coverage generated="1654386163876" clover="3.2.0">
  <project timestamp="1654386163876" name="All files">
    <metrics statements="61" coveredstatements="61" conditionals="18" coveredconditionals="11" methods="23" coveredmethods="23" elements="102" coveredelements="95" complexity="0" loc="61" ncloc="61" packages="15" files="30" classes="30"/>
    <package name="assets.images">
      <metrics statements="1" coveredstatements="1" conditionals="0" coveredconditionals="0" methods="0" coveredmethods="0"/>
      <file name="background.jpeg" path="/Users/allanrafael/Documents/Testes/new-wheater/src/assets/images/background.jpeg">
        <metrics statements="1" coveredstatements="1" conditionals="0" coveredconditionals="0" methods="0" coveredmethods="0"/>
        <line num="1" count="4" type="stmt"/>
      </file>
    </package>
    <package name="components">
      <metrics statements="0" coveredstatements="0" conditionals="0" coveredconditionals="0" methods="0" coveredmethods="0"/>
      <file name="index.ts" path="/Users/allanrafael/Documents/Testes/new-wheater/src/components/index.ts">
        <metrics statements="0" coveredstatements="0" conditionals="0" coveredconditionals="0" methods="0" coveredmethods="0"/>
      </file>
    </package>
    <package name="components.Background">
      <metrics statements="4" coveredstatements="4" conditionals="0" coveredconditionals="0" methods="1" coveredmethods="1"/>
      <file name="background.styles.ts" path="/Users/allanrafael/Documents/Testes/new-wheater/src/components/Background/background.styles.ts">
        <metrics statements="2" coveredstatements="2" conditionals="0" coveredconditionals="0" methods="0" coveredmethods="0"/>
        <line num="5" count="4" type="stmt"/>
        <line num="7" count="4" type="stmt"/>
      </file>
      <file name="index.tsx" path="/Users/allanrafael/Documents/Testes/new-wheater/src/components/Background/index.tsx">
        <metrics statements="2" coveredstatements="2" conditionals="0" coveredconditionals="0" methods="1" coveredmethods="1"/>
        <line num="11" count="4" type="stmt"/>
        <line num="12" count="4" type="stmt"/>
      </file>
    </package>
    <package name="components.Card">
      <metrics statements="7" coveredstatements="7" conditionals="0" coveredconditionals="0" methods="3" coveredmethods="3"/>
      <file name="Card.tsx" path="/Users/allanrafael/Documents/Testes/new-wheater/src/components/Card/Card.tsx">
        <metrics statements="2" coveredstatements="2" conditionals="0" coveredconditionals="0" methods="1" coveredmethods="1"/>
        <line num="11" count="5" type="stmt"/>
        <line num="12" count="22" type="stmt"/>
      </file>
      <file name="card.styles.ts" path="/Users/allanrafael/Documents/Testes/new-wheater/src/components/Card/card.styles.ts">
        <metrics statements="5" coveredstatements="5" conditionals="0" coveredconditionals="0" methods="2" coveredmethods="2"/>
        <line num="5" count="5" type="stmt"/>
        <line num="7" count="22" type="stmt"/>
        <line num="15" count="5" type="stmt"/>
        <line num="21" count="5" type="stmt"/>
        <line num="22" count="22" type="stmt"/>
      </file>
      <file name="index.ts" path="/Users/allanrafael/Documents/Testes/new-wheater/src/components/Card/index.ts">
        <metrics statements="0" coveredstatements="0" conditionals="0" coveredconditionals="0" methods="0" coveredmethods="0"/>
      </file>
    </package>
    <package name="components.CardWeather">
      <metrics statements="4" coveredstatements="4" conditionals="2" coveredconditionals="2" methods="1" coveredmethods="1"/>
      <file name="CardWeather.tsx" path="/Users/allanrafael/Documents/Testes/new-wheater/src/components/CardWeather/CardWeather.tsx">
        <metrics statements="4" coveredstatements="4" conditionals="2" coveredconditionals="2" methods="1" coveredmethods="1"/>
        <line num="13" count="4" type="stmt"/>
        <line num="14" count="20" type="cond" truecount="2" falsecount="0"/>
        <line num="15" count="20" type="stmt"/>
        <line num="17" count="20" type="stmt"/>
      </file>
      <file name="index.ts" path="/Users/allanrafael/Documents/Testes/new-wheater/src/components/CardWeather/index.ts">
        <metrics statements="0" coveredstatements="0" conditionals="0" coveredconditionals="0" methods="0" coveredmethods="0"/>
      </file>
    </package>
    <package name="components.Forecast">
      <metrics statements="4" coveredstatements="4" conditionals="0" coveredconditionals="0" methods="1" coveredmethods="1"/>
      <file name="Forecast.tsx" path="/Users/allanrafael/Documents/Testes/new-wheater/src/components/Forecast/Forecast.tsx">
        <metrics statements="2" coveredstatements="2" conditionals="0" coveredconditionals="0" methods="1" coveredmethods="1"/>
        <line num="13" count="4" type="stmt"/>
        <line num="14" count="14" type="stmt"/>
      </file>
      <file name="forecast.styles.ts" path="/Users/allanrafael/Documents/Testes/new-wheater/src/components/Forecast/forecast.styles.ts">
        <metrics statements="2" coveredstatements="2" conditionals="0" coveredconditionals="0" methods="0" coveredmethods="0"/>
        <line num="5" count="4" type="stmt"/>
        <line num="13" count="4" type="stmt"/>
      </file>
      <file name="index.ts" path="/Users/allanrafael/Documents/Testes/new-wheater/src/components/Forecast/index.ts">
        <metrics statements="0" coveredstatements="0" conditionals="0" coveredconditionals="0" methods="0" coveredmethods="0"/>
      </file>
    </package>
    <package name="components.Loading">
      <metrics statements="4" coveredstatements="4" conditionals="0" coveredconditionals="0" methods="2" coveredmethods="2"/>
      <file name="Loading.tsx" path="/Users/allanrafael/Documents/Testes/new-wheater/src/components/Loading/Loading.tsx">
        <metrics statements="2" coveredstatements="2" conditionals="0" coveredconditionals="0" methods="1" coveredmethods="1"/>
        <line num="15" count="4" type="stmt"/>
        <line num="16" count="2" type="stmt"/>
      </file>
      <file name="index.ts" path="/Users/allanrafael/Documents/Testes/new-wheater/src/components/Loading/index.ts">
        <metrics statements="0" coveredstatements="0" conditionals="0" coveredconditionals="0" methods="0" coveredmethods="0"/>
      </file>
      <file name="loading.styles.ts" path="/Users/allanrafael/Documents/Testes/new-wheater/src/components/Loading/loading.styles.ts">
        <metrics statements="2" coveredstatements="2" conditionals="0" coveredconditionals="0" methods="1" coveredmethods="1"/>
        <line num="5" count="4" type="stmt"/>
        <line num="11" count="2" type="stmt"/>
      </file>
    </package>
    <package name="components.Typography">
      <metrics statements="6" coveredstatements="6" conditionals="2" coveredconditionals="2" methods="1" coveredmethods="1"/>
      <file name="Typography.tsx" path="/Users/allanrafael/Documents/Testes/new-wheater/src/components/Typography/Typography.tsx">
        <metrics statements="5" coveredstatements="5" conditionals="2" coveredconditionals="2" methods="1" coveredmethods="1"/>
        <line num="17" count="138" type="stmt"/>
        <line num="19" count="138" type="stmt"/>
        <line num="23" count="138" type="cond" truecount="2" falsecount="0"/>
        <line num="24" count="86" type="stmt"/>
        <line num="27" count="138" type="stmt"/>
      </file>
      <file name="index.ts" path="/Users/allanrafael/Documents/Testes/new-wheater/src/components/Typography/index.ts">
        <metrics statements="0" coveredstatements="0" conditionals="0" coveredconditionals="0" methods="0" coveredmethods="0"/>
      </file>
      <file name="typography.styles.ts" path="/Users/allanrafael/Documents/Testes/new-wheater/src/components/Typography/typography.styles.ts">
        <metrics statements="1" coveredstatements="1" conditionals="0" coveredconditionals="0" methods="0" coveredmethods="0"/>
        <line num="8" count="7" type="stmt"/>
      </file>
    </package>
    <package name="mock">
      <metrics statements="3" coveredstatements="3" conditionals="0" coveredconditionals="0" methods="0" coveredmethods="0"/>
      <file name="weather.ts" path="/Users/allanrafael/Documents/Testes/new-wheater/src/mock/weather.ts">
        <metrics statements="3" coveredstatements="3" conditionals="0" coveredconditionals="0" methods="0" coveredmethods="0"/>
        <line num="4" count="3" type="stmt"/>
        <line num="25" count="3" type="stmt"/>
        <line num="36" count="3" type="stmt"/>
      </file>
    </package>
    <package name="screens.Home">
      <metrics statements="8" coveredstatements="8" conditionals="2" coveredconditionals="1" methods="4" coveredmethods="4"/>
      <file name="Home.tsx" path="/Users/allanrafael/Documents/Testes/new-wheater/src/screens/Home/Home.tsx">
        <metrics statements="7" coveredstatements="7" conditionals="2" coveredconditionals="1" methods="4" coveredmethods="4"/>
        <line num="19" count="3" type="stmt"/>
        <line num="20" count="3" type="stmt"/>
        <line num="23" count="3" type="stmt"/>
        <line num="25" count="3" type="stmt"/>
        <line num="26" count="3" type="stmt"/>
        <line num="29" count="3" type="stmt"/>
        <line num="39" count="1" type="stmt"/>
      </file>
      <file name="home.styles.ts" path="/Users/allanrafael/Documents/Testes/new-wheater/src/screens/Home/home.styles.ts">
        <metrics statements="1" coveredstatements="1" conditionals="0" coveredconditionals="0" methods="0" coveredmethods="0"/>
        <line num="3" count="1" type="stmt"/>
      </file>
    </package>
    <package name="screens.Home.components.Forecast">
      <metrics statements="5" coveredstatements="5" conditionals="0" coveredconditionals="0" methods="3" coveredmethods="3"/>
      <file name="index.tsx" path="/Users/allanrafael/Documents/Testes/new-wheater/src/screens/Home/components/Forecast/index.tsx">
        <metrics statements="4" coveredstatements="4" conditionals="0" coveredconditionals="0" methods="3" coveredmethods="3"/>
        <line num="10" count="2" type="stmt"/>
        <line num="11" count="4" type="stmt"/>
        <line num="13" count="4" type="stmt"/>
        <line num="16" count="12" type="stmt"/>
      </file>
      <file name="styles.ts" path="/Users/allanrafael/Documents/Testes/new-wheater/src/screens/Home/components/Forecast/styles.ts">
        <metrics statements="1" coveredstatements="1" conditionals="0" coveredconditionals="0" methods="0" coveredmethods="0"/>
        <line num="5" count="2" type="stmt"/>
      </file>
    </package>
    <package name="screens.Home.components.Header">
      <metrics statements="4" coveredstatements="4" conditionals="0" coveredconditionals="0" methods="2" coveredmethods="2"/>
      <file name="index.tsx" path="/Users/allanrafael/Documents/Testes/new-wheater/src/screens/Home/components/Header/index.tsx">
        <metrics statements="3" coveredstatements="3" conditionals="0" coveredconditionals="0" methods="2" coveredmethods="2"/>
        <line num="10" count="1" type="stmt"/>
        <line num="11" count="3" type="stmt"/>
        <line num="13" count="3" type="stmt"/>
      </file>
      <file name="styles.ts" path="/Users/allanrafael/Documents/Testes/new-wheater/src/screens/Home/components/Header/styles.ts">
        <metrics statements="1" coveredstatements="1" conditionals="0" coveredconditionals="0" methods="0" coveredmethods="0"/>
        <line num="3" count="1" type="stmt"/>
      </file>
    </package>
    <package name="screens.Home.components.Weather">
      <metrics statements="5" coveredstatements="5" conditionals="10" coveredconditionals="5" methods="2" coveredmethods="2"/>
      <file name="index.tsx" path="/Users/allanrafael/Documents/Testes/new-wheater/src/screens/Home/components/Weather/index.tsx">
        <metrics statements="3" coveredstatements="3" conditionals="10" coveredconditionals="5" methods="2" coveredmethods="2"/>
        <line num="10" count="2" type="stmt"/>
        <line num="11" count="4" type="stmt"/>
        <line num="13" count="4" type="stmt"/>
      </file>
      <file name="styles.ts" path="/Users/allanrafael/Documents/Testes/new-wheater/src/screens/Home/components/Weather/styles.ts">
        <metrics statements="2" coveredstatements="2" conditionals="0" coveredconditionals="0" methods="0" coveredmethods="0"/>
        <line num="5" count="2" type="stmt"/>
        <line num="12" count="2" type="stmt"/>
      </file>
    </package>
    <package name="themes">
      <metrics statements="0" coveredstatements="0" conditionals="0" coveredconditionals="0" methods="0" coveredmethods="0"/>
      <file name="colors.ts" path="/Users/allanrafael/Documents/Testes/new-wheater/src/themes/colors.ts">
        <metrics statements="0" coveredstatements="0" conditionals="0" coveredconditionals="0" methods="0" coveredmethods="0"/>
      </file>
      <file name="typography.ts" path="/Users/allanrafael/Documents/Testes/new-wheater/src/themes/typography.ts">
        <metrics statements="0" coveredstatements="0" conditionals="0" coveredconditionals="0" methods="0" coveredmethods="0"/>
      </file>
    </package>
    <package name="utils">
      <metrics statements="6" coveredstatements="6" conditionals="2" coveredconditionals="1" methods="3" coveredmethods="3"/>
      <file name="size.ts" path="/Users/allanrafael/Documents/Testes/new-wheater/src/utils/size.ts">
        <metrics statements="6" coveredstatements="6" conditionals="2" coveredconditionals="1" methods="3" coveredmethods="3"/>
        <line num="8" count="8" type="stmt"/>
        <line num="10" count="8" type="stmt"/>
        <line num="11" count="43" type="cond" truecount="1" falsecount="1"/>
        <line num="13" count="43" type="stmt"/>
        <line num="16" count="8" type="stmt"/>
        <line num="18" count="8" type="stmt"/>
      </file>
    </package>
  </project>
</coverage>
