{"/Users/allanrafael/Documents/Testes/new-wheater/src/assets/images/background.jpeg": {"path":"/Users/allanrafael/Documents/Testes/new-wheater/src/assets/images/background.jpeg","statementMap":{"0":{"start":{"line":1,"column":0},"end":{"line":4,"column":6}}},"fnMap":{},"branchMap":{},"s":{"0":4},"f":{},"b":{},"inputSourceMap":null,"_coverageSchema":"1a1c01bbd47fc00a2c39e90264f33305004495a9","hash":"57115faa5edb7bd2f261d3dc2a9e810c28a084d9"}
,"/Users/allanrafael/Documents/Testes/new-wheater/src/components/index.ts": {"path":"/Users/allanrafael/Documents/Testes/new-wheater/src/components/index.ts","statementMap":{},"fnMap":{},"branchMap":{},"s":{},"f":{},"b":{},"_coverageSchema":"1a1c01bbd47fc00a2c39e90264f33305004495a9","hash":"29c3fc39ffa919a1977ce203ca1678134d6c5b19"}
,"/Users/allanrafael/Documents/Testes/new-wheater/src/components/Background/background.styles.ts": {"path":"/Users/allanrafael/Documents/Testes/new-wheater/src/components/Background/background.styles.ts","statementMap":{"0":{"start":{"line":5,"column":19},"end":{"line":5,"column":43}},"1":{"start":{"line":7,"column":25},"end":{"line":15,"column":1}}},"fnMap":{},"branchMap":{},"s":{"0":4,"1":4},"f":{},"b":{},"_coverageSchema":"1a1c01bbd47fc00a2c39e90264f33305004495a9","hash":"3fac81afc34cdbe37b568047d6304e2ff2831ebc"}
,"/Users/allanrafael/Documents/Testes/new-wheater/src/components/Background/index.tsx": {"path":"/Users/allanrafael/Documents/Testes/new-wheater/src/components/Background/index.tsx","statementMap":{"0":{"start":{"line":11,"column":19},"end":{"line":17,"column":1}},"1":{"start":{"line":12,"column":2},"end":{"line":16,"column":4}}},"fnMap":{"0":{"name":"(anonymous_0)","decl":{"start":{"line":11,"column":19},"end":{"line":11,"column":20}},"loc":{"start":{"line":11,"column":54},"end":{"line":17,"column":1}},"line":11}},"branchMap":{},"s":{"0":4,"1":4},"f":{"0":4},"b":{},"_coverageSchema":"1a1c01bbd47fc00a2c39e90264f33305004495a9","hash":"2fe0a0b5cf43ba2d989244cd2ca4503a1e8457c5"}
,"/Users/allanrafael/Documents/Testes/new-wheater/src/components/Card/Card.tsx": {"path":"/Users/allanrafael/Documents/Testes/new-wheater/src/components/Card/Card.tsx","statementMap":{"0":{"start":{"line":11,"column":13},"end":{"line":18,"column":1}},"1":{"start":{"line":12,"column":2},"end":{"line":17,"column":4}}},"fnMap":{"0":{"name":"(anonymous_0)","decl":{"start":{"line":11,"column":13},"end":{"line":11,"column":14}},"loc":{"start":{"line":11,"column":49},"end":{"line":18,"column":1}},"line":11}},"branchMap":{},"s":{"0":5,"1":22},"f":{"0":22},"b":{},"_coverageSchema":"1a1c01bbd47fc00a2c39e90264f33305004495a9","hash":"755d4d3e9fbc437da34c69f10f524c86cfb0b161"}
,"/Users/allanrafael/Documents/Testes/new-wheater/src/components/Card/card.styles.ts": {"path":"/Users/allanrafael/Documents/Testes/new-wheater/src/components/Card/card.styles.ts","statementMap":{"0":{"start":{"line":5,"column":25},"end":{"line":13,"column":1}},"1":{"start":{"line":7,"column":37},"end":{"line":7,"column":53}},"2":{"start":{"line":15,"column":31},"end":{"line":19,"column":1}},"3":{"start":{"line":21,"column":26},"end":{"line":27,"column":1}},"4":{"start":{"line":22,"column":37},"end":{"line":22,"column":52}}},"fnMap":{"0":{"name":"(anonymous_0)","decl":{"start":{"line":7,"column":22},"end":{"line":7,"column":23}},"loc":{"start":{"line":7,"column":37},"end":{"line":7,"column":53}},"line":7},"1":{"name":"(anonymous_1)","decl":{"start":{"line":22,"column":22},"end":{"line":22,"column":23}},"loc":{"start":{"line":22,"column":37},"end":{"line":22,"column":52}},"line":22}},"branchMap":{},"s":{"0":5,"1":22,"2":5,"3":5,"4":22},"f":{"0":22,"1":22},"b":{},"_coverageSchema":"1a1c01bbd47fc00a2c39e90264f33305004495a9","hash":"a09b7f254aec91410a16cd9096f3c579af40e2dd"}
,"/Users/allanrafael/Documents/Testes/new-wheater/src/components/Card/index.ts": {"path":"/Users/allanrafael/Documents/Testes/new-wheater/src/components/Card/index.ts","statementMap":{},"fnMap":{},"branchMap":{},"s":{},"f":{},"b":{},"_coverageSchema":"1a1c01bbd47fc00a2c39e90264f33305004495a9","hash":"b8b4a3c07f0d2ba5075abe4f333e3dd5abd6ea42"}
,"/Users/allanrafael/Documents/Testes/new-wheater/src/components/CardWeather/CardWeather.tsx": {"path":"/Users/allanrafael/Documents/Testes/new-wheater/src/components/CardWeather/CardWeather.tsx","statementMap":{"0":{"start":{"line":13,"column":20},"end":{"line":23,"column":1}},"1":{"start":{"line":14,"column":17},"end":{"line":14,"column":48}},"2":{"start":{"line":15,"column":20},"end":{"line":15,"column":51}},"3":{"start":{"line":17,"column":2},"end":{"line":22,"column":4}}},"fnMap":{"0":{"name":"(anonymous_0)","decl":{"start":{"line":13,"column":20},"end":{"line":13,"column":21}},"loc":{"start":{"line":13,"column":60},"end":{"line":23,"column":1}},"line":13}},"branchMap":{"0":{"loc":{"start":{"line":14,"column":17},"end":{"line":14,"column":48}},"type":"cond-expr","locations":[{"start":{"line":14,"column":39},"end":{"line":14,"column":42}},{"start":{"line":14,"column":45},"end":{"line":14,"column":48}}],"line":14}},"s":{"0":4,"1":20,"2":20,"3":20},"f":{"0":20},"b":{"0":[19,1]},"_coverageSchema":"1a1c01bbd47fc00a2c39e90264f33305004495a9","hash":"456a82f6c653e2ef817f5b908b444488fb11a492"}
,"/Users/allanrafael/Documents/Testes/new-wheater/src/components/CardWeather/index.ts": {"path":"/Users/allanrafael/Documents/Testes/new-wheater/src/components/CardWeather/index.ts","statementMap":{},"fnMap":{},"branchMap":{},"s":{},"f":{},"b":{},"_coverageSchema":"1a1c01bbd47fc00a2c39e90264f33305004495a9","hash":"e3f71ea4eaa6989cea784795cc4b19aeb29aafbb"}
,"/Users/allanrafael/Documents/Testes/new-wheater/src/components/Forecast/Forecast.tsx": {"path":"/Users/allanrafael/Documents/Testes/new-wheater/src/components/Forecast/Forecast.tsx","statementMap":{"0":{"start":{"line":13,"column":17},"end":{"line":43,"column":1}},"1":{"start":{"line":14,"column":2},"end":{"line":42,"column":4}}},"fnMap":{"0":{"name":"(anonymous_0)","decl":{"start":{"line":13,"column":17},"end":{"line":13,"column":18}},"loc":{"start":{"line":13,"column":46},"end":{"line":43,"column":1}},"line":13}},"branchMap":{},"s":{"0":4,"1":14},"f":{"0":14},"b":{},"_coverageSchema":"1a1c01bbd47fc00a2c39e90264f33305004495a9","hash":"460d7d98b2cf33f243e21b67abc5b75a5dab07c9"}
,"/Users/allanrafael/Documents/Testes/new-wheater/src/components/Forecast/forecast.styles.ts": {"path":"/Users/allanrafael/Documents/Testes/new-wheater/src/components/Forecast/forecast.styles.ts","statementMap":{"0":{"start":{"line":5,"column":25},"end":{"line":11,"column":1}},"1":{"start":{"line":13,"column":35},"end":{"line":16,"column":1}}},"fnMap":{},"branchMap":{},"s":{"0":4,"1":4},"f":{},"b":{},"_coverageSchema":"1a1c01bbd47fc00a2c39e90264f33305004495a9","hash":"019b717f87a2c62e4cad3556a0af1ddfc543da24"}
,"/Users/allanrafael/Documents/Testes/new-wheater/src/components/Forecast/index.ts": {"path":"/Users/allanrafael/Documents/Testes/new-wheater/src/components/Forecast/index.ts","statementMap":{},"fnMap":{},"branchMap":{},"s":{},"f":{},"b":{},"_coverageSchema":"1a1c01bbd47fc00a2c39e90264f33305004495a9","hash":"51dd770a46345746cd627cec00d0b645757960dd"}
,"/Users/allanrafael/Documents/Testes/new-wheater/src/components/Loading/Loading.tsx": {"path":"/Users/allanrafael/Documents/Testes/new-wheater/src/components/Loading/Loading.tsx","statementMap":{"0":{"start":{"line":15,"column":16},"end":{"line":27,"column":1}},"1":{"start":{"line":16,"column":2},"end":{"line":26,"column":4}}},"fnMap":{"0":{"name":"(anonymous_0)","decl":{"start":{"line":15,"column":16},"end":{"line":15,"column":17}},"loc":{"start":{"line":15,"column":45},"end":{"line":27,"column":1}},"line":15}},"branchMap":{},"s":{"0":4,"1":2},"f":{"0":2},"b":{},"_coverageSchema":"1a1c01bbd47fc00a2c39e90264f33305004495a9","hash":"5bf2b8eb37282824a8b7d3446c39a6edb9a84ca8"}
,"/Users/allanrafael/Documents/Testes/new-wheater/src/components/Loading/index.ts": {"path":"/Users/allanrafael/Documents/Testes/new-wheater/src/components/Loading/index.ts","statementMap":{},"fnMap":{},"branchMap":{},"s":{},"f":{},"b":{},"_coverageSchema":"1a1c01bbd47fc00a2c39e90264f33305004495a9","hash":"1d5fedf3c047a75720b00f85c5ca5cbd37228270"}
,"/Users/allanrafael/Documents/Testes/new-wheater/src/components/Loading/loading.styles.ts": {"path":"/Users/allanrafael/Documents/Testes/new-wheater/src/components/Loading/loading.styles.ts","statementMap":{"0":{"start":{"line":5,"column":25},"end":{"line":15,"column":1}},"1":{"start":{"line":11,"column":37},"end":{"line":11,"column":53}}},"fnMap":{"0":{"name":"(anonymous_0)","decl":{"start":{"line":11,"column":22},"end":{"line":11,"column":23}},"loc":{"start":{"line":11,"column":37},"end":{"line":11,"column":53}},"line":11}},"branchMap":{},"s":{"0":4,"1":2},"f":{"0":2},"b":{},"_coverageSchema":"1a1c01bbd47fc00a2c39e90264f33305004495a9","hash":"f44b1270e1deaa11f1463c3746b15730c1f6921e"}
,"/Users/allanrafael/Documents/Testes/new-wheater/src/components/Typography/Typography.tsx": {"path":"/Users/allanrafael/Documents/Testes/new-wheater/src/components/Typography/Typography.tsx","statementMap":{"0":{"start":{"line":17,"column":60},"end":{"line":17,"column":65}},"1":{"start":{"line":19,"column":24},"end":{"line":21,"column":3}},"2":{"start":{"line":23,"column":2},"end":{"line":25,"column":3}},"3":{"start":{"line":24,"column":4},"end":{"line":24,"column":50}},"4":{"start":{"line":27,"column":2},"end":{"line":34,"column":4}}},"fnMap":{"0":{"name":"Typography","decl":{"start":{"line":16,"column":9},"end":{"line":16,"column":19}},"loc":{"start":{"line":16,"column":44},"end":{"line":35,"column":1}},"line":16}},"branchMap":{"0":{"loc":{"start":{"line":23,"column":2},"end":{"line":25,"column":3}},"type":"if","locations":[{"start":{"line":23,"column":2},"end":{"line":25,"column":3}},{"start":{},"end":{}}],"line":23}},"s":{"0":138,"1":138,"2":138,"3":86,"4":138},"f":{"0":138},"b":{"0":[86,52]},"_coverageSchema":"1a1c01bbd47fc00a2c39e90264f33305004495a9","hash":"e2796f23e6e3b207dc9bb4e9630d4fa6881afccd"}
,"/Users/allanrafael/Documents/Testes/new-wheater/src/components/Typography/index.ts": {"path":"/Users/allanrafael/Documents/Testes/new-wheater/src/components/Typography/index.ts","statementMap":{},"fnMap":{},"branchMap":{},"s":{},"f":{},"b":{},"_coverageSchema":"1a1c01bbd47fc00a2c39e90264f33305004495a9","hash":"fdd4eccf881f193a78e4534d6d593d4ec6190def"}
,"/Users/allanrafael/Documents/Testes/new-wheater/src/components/Typography/typography.styles.ts": {"path":"/Users/allanrafael/Documents/Testes/new-wheater/src/components/Typography/typography.styles.ts","statementMap":{"0":{"start":{"line":8,"column":20},"end":{"line":8,"column":54}}},"fnMap":{},"branchMap":{},"s":{"0":7},"f":{},"b":{},"_coverageSchema":"1a1c01bbd47fc00a2c39e90264f33305004495a9","hash":"977783933ab9cd61438728ac6d98448a6247301d"}
,"/Users/allanrafael/Documents/Testes/new-wheater/src/mock/weather.ts": {"path":"/Users/allanrafael/Documents/Testes/new-wheater/src/mock/weather.ts","statementMap":{"0":{"start":{"line":4,"column":43},"end":{"line":23,"column":1}},"1":{"start":{"line":25,"column":28},"end":{"line":34,"column":1}},"2":{"start":{"line":36,"column":27},"end":{"line":39,"column":1}}},"fnMap":{},"branchMap":{},"s":{"0":3,"1":3,"2":3},"f":{},"b":{},"_coverageSchema":"1a1c01bbd47fc00a2c39e90264f33305004495a9","hash":"ee4d67a71fbdb80481edec2da57cbb028ea3d771"}
,"/Users/allanrafael/Documents/Testes/new-wheater/src/screens/Home/Home.tsx": {"path":"/Users/allanrafael/Documents/Testes/new-wheater/src/screens/Home/Home.tsx","statementMap":{"0":{"start":{"line":19,"column":34},"end":{"line":21,"column":3}},"1":{"start":{"line":20,"column":26},"end":{"line":20,"column":39}},"2":{"start":{"line":23,"column":19},"end":{"line":23,"column":32}},"3":{"start":{"line":25,"column":2},"end":{"line":27,"column":9}},"4":{"start":{"line":26,"column":4},"end":{"line":26,"column":31}},"5":{"start":{"line":29,"column":2},"end":{"line":60,"column":4}},"6":{"start":{"line":39,"column":12},"end":{"line":39,"column":39}}},"fnMap":{"0":{"name":"Home","decl":{"start":{"line":18,"column":9},"end":{"line":18,"column":13}},"loc":{"start":{"line":18,"column":16},"end":{"line":61,"column":1}},"line":18},"1":{"name":"(anonymous_1)","decl":{"start":{"line":20,"column":4},"end":{"line":20,"column":5}},"loc":{"start":{"line":20,"column":26},"end":{"line":20,"column":39}},"line":20},"2":{"name":"(anonymous_2)","decl":{"start":{"line":25,"column":12},"end":{"line":25,"column":13}},"loc":{"start":{"line":25,"column":18},"end":{"line":27,"column":3}},"line":25},"3":{"name":"(anonymous_3)","decl":{"start":{"line":38,"column":21},"end":{"line":38,"column":22}},"loc":{"start":{"line":38,"column":27},"end":{"line":40,"column":11}},"line":38}},"branchMap":{"0":{"loc":{"start":{"line":44,"column":9},"end":{"line":57,"column":9}},"type":"cond-expr","locations":[{"start":{"line":45,"column":10},"end":{"line":50,"column":12}},{"start":{"line":52,"column":10},"end":{"line":56,"column":13}}],"line":44}},"s":{"0":3,"1":3,"2":3,"3":3,"4":3,"5":3,"6":1},"f":{"0":3,"1":3,"2":3,"3":1},"b":{"0":[0,3]},"_coverageSchema":"1a1c01bbd47fc00a2c39e90264f33305004495a9","hash":"5a9b85fb421c49bfc77d6b75faf38a25e4b4a025"}
,"/Users/allanrafael/Documents/Testes/new-wheater/src/screens/Home/home.styles.ts": {"path":"/Users/allanrafael/Documents/Testes/new-wheater/src/screens/Home/home.styles.ts","statementMap":{"0":{"start":{"line":3,"column":25},"end":{"line":7,"column":1}}},"fnMap":{},"branchMap":{},"s":{"0":1},"f":{},"b":{},"_coverageSchema":"1a1c01bbd47fc00a2c39e90264f33305004495a9","hash":"fa48412c0926dc21279a5028e39eec89ed647502"}
,"/Users/allanrafael/Documents/Testes/new-wheater/src/screens/Home/components/Forecast/index.tsx": {"path":"/Users/allanrafael/Documents/Testes/new-wheater/src/screens/Home/components/Forecast/index.tsx","statementMap":{"0":{"start":{"line":10,"column":15},"end":{"line":20,"column":1}},"1":{"start":{"line":11,"column":23},"end":{"line":11,"column":71}},"2":{"start":{"line":11,"column":57},"end":{"line":11,"column":70}},"3":{"start":{"line":13,"column":2},"end":{"line":19,"column":4}},"4":{"start":{"line":16,"column":8},"end":{"line":16,"column":44}}},"fnMap":{"0":{"name":"(anonymous_0)","decl":{"start":{"line":10,"column":15},"end":{"line":10,"column":16}},"loc":{"start":{"line":10,"column":21},"end":{"line":20,"column":1}},"line":10},"1":{"name":"(anonymous_1)","decl":{"start":{"line":11,"column":35},"end":{"line":11,"column":36}},"loc":{"start":{"line":11,"column":57},"end":{"line":11,"column":70}},"line":11},"2":{"name":"(anonymous_2)","decl":{"start":{"line":15,"column":21},"end":{"line":15,"column":22}},"loc":{"start":{"line":16,"column":8},"end":{"line":16,"column":44}},"line":16}},"branchMap":{},"s":{"0":2,"1":4,"2":4,"3":4,"4":12},"f":{"0":4,"1":4,"2":12},"b":{},"_coverageSchema":"1a1c01bbd47fc00a2c39e90264f33305004495a9","hash":"6b26469952d40b7761f139c19c5e27bdd6aadd5b"}
,"/Users/allanrafael/Documents/Testes/new-wheater/src/screens/Home/components/Forecast/styles.ts": {"path":"/Users/allanrafael/Documents/Testes/new-wheater/src/screens/Home/components/Forecast/styles.ts","statementMap":{"0":{"start":{"line":5,"column":25},"end":{"line":7,"column":1}}},"fnMap":{},"branchMap":{},"s":{"0":2},"f":{},"b":{},"_coverageSchema":"1a1c01bbd47fc00a2c39e90264f33305004495a9","hash":"027b4fa4dbbb93c53b51ce37ecb622f1b7d2f348"}
,"/Users/allanrafael/Documents/Testes/new-wheater/src/screens/Home/components/Header/index.tsx": {"path":"/Users/allanrafael/Documents/Testes/new-wheater/src/screens/Home/components/Header/index.tsx","statementMap":{"0":{"start":{"line":10,"column":15},"end":{"line":21,"column":1}},"1":{"start":{"line":11,"column":22},"end":{"line":11,"column":70}},"2":{"start":{"line":11,"column":56},"end":{"line":11,"column":69}},"3":{"start":{"line":13,"column":2},"end":{"line":20,"column":4}}},"fnMap":{"0":{"name":"(anonymous_0)","decl":{"start":{"line":10,"column":15},"end":{"line":10,"column":16}},"loc":{"start":{"line":10,"column":21},"end":{"line":21,"column":1}},"line":10},"1":{"name":"(anonymous_1)","decl":{"start":{"line":11,"column":34},"end":{"line":11,"column":35}},"loc":{"start":{"line":11,"column":56},"end":{"line":11,"column":69}},"line":11}},"branchMap":{},"s":{"0":1,"1":3,"2":3,"3":3},"f":{"0":3,"1":3},"b":{},"_coverageSchema":"1a1c01bbd47fc00a2c39e90264f33305004495a9","hash":"2927f1310a077b9d2e254bd76dd7929233b2c96f"}
,"/Users/allanrafael/Documents/Testes/new-wheater/src/screens/Home/components/Header/styles.ts": {"path":"/Users/allanrafael/Documents/Testes/new-wheater/src/screens/Home/components/Header/styles.ts","statementMap":{"0":{"start":{"line":3,"column":25},"end":{"line":6,"column":1}}},"fnMap":{},"branchMap":{},"s":{"0":1},"f":{},"b":{},"_coverageSchema":"1a1c01bbd47fc00a2c39e90264f33305004495a9","hash":"358901c309a7c62f3fe6734b928ab32fbb03d563"}
,"/Users/allanrafael/Documents/Testes/new-wheater/src/screens/Home/components/Weather/index.tsx": {"path":"/Users/allanrafael/Documents/Testes/new-wheater/src/screens/Home/components/Weather/index.tsx","statementMap":{"0":{"start":{"line":10,"column":16},"end":{"line":30,"column":1}},"1":{"start":{"line":11,"column":22},"end":{"line":11,"column":70}},"2":{"start":{"line":11,"column":56},"end":{"line":11,"column":69}},"3":{"start":{"line":13,"column":2},"end":{"line":29,"column":4}}},"fnMap":{"0":{"name":"(anonymous_0)","decl":{"start":{"line":10,"column":16},"end":{"line":10,"column":17}},"loc":{"start":{"line":10,"column":22},"end":{"line":30,"column":1}},"line":10},"1":{"name":"(anonymous_1)","decl":{"start":{"line":11,"column":34},"end":{"line":11,"column":35}},"loc":{"start":{"line":11,"column":56},"end":{"line":11,"column":69}},"line":11}},"branchMap":{"0":{"loc":{"start":{"line":16,"column":20},"end":{"line":16,"column":45}},"type":"binary-expr","locations":[{"start":{"line":16,"column":20},"end":{"line":16,"column":40}},{"start":{"line":16,"column":44},"end":{"line":16,"column":45}}],"line":16},"1":{"loc":{"start":{"line":20,"column":40},"end":{"line":20,"column":68}},"type":"binary-expr","locations":[{"start":{"line":20,"column":40},"end":{"line":20,"column":63}},{"start":{"line":20,"column":67},"end":{"line":20,"column":68}}],"line":20},"2":{"loc":{"start":{"line":21,"column":40},"end":{"line":21,"column":68}},"type":"binary-expr","locations":[{"start":{"line":21,"column":40},"end":{"line":21,"column":63}},{"start":{"line":21,"column":67},"end":{"line":21,"column":68}}],"line":21},"3":{"loc":{"start":{"line":25,"column":47},"end":{"line":25,"column":70}},"type":"binary-expr","locations":[{"start":{"line":25,"column":47},"end":{"line":25,"column":65}},{"start":{"line":25,"column":69},"end":{"line":25,"column":70}}],"line":25},"4":{"loc":{"start":{"line":26,"column":45},"end":{"line":26,"column":67}},"type":"binary-expr","locations":[{"start":{"line":26,"column":45},"end":{"line":26,"column":62}},{"start":{"line":26,"column":66},"end":{"line":26,"column":67}}],"line":26}},"s":{"0":2,"1":4,"2":4,"3":4},"f":{"0":4,"1":4},"b":{"0":[4,0],"1":[4,0],"2":[4,0],"3":[4,0],"4":[4,0]},"_coverageSchema":"1a1c01bbd47fc00a2c39e90264f33305004495a9","hash":"b0ce28b9f2d5c0066e539d41b5691e0a67aba96a"}
,"/Users/allanrafael/Documents/Testes/new-wheater/src/screens/Home/components/Weather/styles.ts": {"path":"/Users/allanrafael/Documents/Testes/new-wheater/src/screens/Home/components/Weather/styles.ts","statementMap":{"0":{"start":{"line":5,"column":25},"end":{"line":10,"column":1}},"1":{"start":{"line":12,"column":35},"end":{"line":18,"column":1}}},"fnMap":{},"branchMap":{},"s":{"0":2,"1":2},"f":{},"b":{},"_coverageSchema":"1a1c01bbd47fc00a2c39e90264f33305004495a9","hash":"41ebfc1936effe45fbfdd311fc9549d22dabb611"}
,"/Users/allanrafael/Documents/Testes/new-wheater/src/themes/colors.ts": {"path":"/Users/allanrafael/Documents/Testes/new-wheater/src/themes/colors.ts","statementMap":{},"fnMap":{},"branchMap":{},"s":{},"f":{},"b":{},"_coverageSchema":"1a1c01bbd47fc00a2c39e90264f33305004495a9","hash":"6a658b5fc8961907e669acd627450861a09db640"}
,"/Users/allanrafael/Documents/Testes/new-wheater/src/themes/typography.ts": {"path":"/Users/allanrafael/Documents/Testes/new-wheater/src/themes/typography.ts","statementMap":{},"fnMap":{},"branchMap":{},"s":{},"f":{},"b":{},"_coverageSchema":"1a1c01bbd47fc00a2c39e90264f33305004495a9","hash":"4048228df8503298d61bdae1b9780adc044b0f6b"}
,"/Users/allanrafael/Documents/Testes/new-wheater/src/utils/size.ts": {"path":"/Users/allanrafael/Documents/Testes/new-wheater/src/utils/size.ts","statementMap":{"0":{"start":{"line":8,"column":19},"end":{"line":8,"column":43}},"1":{"start":{"line":10,"column":13},"end":{"line":14,"column":1}},"2":{"start":{"line":11,"column":21},"end":{"line":11,"column":45}},"3":{"start":{"line":13,"column":2},"end":{"line":13,"column":35}},"4":{"start":{"line":16,"column":25},"end":{"line":16,"column":79}},"5":{"start":{"line":16,"column":43},"end":{"line":16,"column":79}},"6":{"start":{"line":18,"column":28},"end":{"line":18,"column":78}},"7":{"start":{"line":18,"column":46},"end":{"line":18,"column":78}}},"fnMap":{"0":{"name":"(anonymous_0)","decl":{"start":{"line":10,"column":13},"end":{"line":10,"column":14}},"loc":{"start":{"line":10,"column":21},"end":{"line":14,"column":1}},"line":10},"1":{"name":"(anonymous_1)","decl":{"start":{"line":16,"column":25},"end":{"line":16,"column":26}},"loc":{"start":{"line":16,"column":43},"end":{"line":16,"column":79}},"line":16},"2":{"name":"(anonymous_2)","decl":{"start":{"line":18,"column":28},"end":{"line":18,"column":29}},"loc":{"start":{"line":18,"column":46},"end":{"line":18,"column":78}},"line":18}},"branchMap":{"0":{"loc":{"start":{"line":11,"column":21},"end":{"line":11,"column":45}},"type":"cond-expr","locations":[{"start":{"line":11,"column":36},"end":{"line":11,"column":39}},{"start":{"line":11,"column":42},"end":{"line":11,"column":45}}],"line":11}},"s":{"0":8,"1":8,"2":43,"3":43,"4":8,"5":4,"6":8,"7":4},"f":{"0":43,"1":4,"2":4},"b":{"0":[0,43]},"_coverageSchema":"1a1c01bbd47fc00a2c39e90264f33305004495a9","hash":"8ffd263d57c426f54e4d43d9d285f9f680a67b4a"}
}
