TN:
SF:src/assets/images/background.jpeg
FNF:0
FNH:0
DA:1,4
LF:1
LH:1
BRF:0
BRH:0
end_of_record
TN:
SF:src/components/index.ts
FNF:0
FNH:0
LF:0
LH:0
BRF:0
BRH:0
end_of_record
TN:
SF:src/components/Background/background.styles.ts
FNF:0
FNH:0
DA:5,4
DA:7,4
LF:2
LH:2
BRF:0
BRH:0
end_of_record
TN:
SF:src/components/Background/index.tsx
FN:11,(anonymous_0)
FNF:1
FNH:1
FNDA:4,(anonymous_0)
DA:11,4
DA:12,4
LF:2
LH:2
BRF:0
BRH:0
end_of_record
TN:
SF:src/components/Card/Card.tsx
FN:11,(anonymous_0)
FNF:1
FNH:1
FNDA:22,(anonymous_0)
DA:11,5
DA:12,22
LF:2
LH:2
BRF:0
BRH:0
end_of_record
TN:
SF:src/components/Card/card.styles.ts
FN:7,(anonymous_0)
FN:22,(anonymous_1)
FNF:2
FNH:2
FNDA:22,(anonymous_0)
FNDA:22,(anonymous_1)
DA:5,5
DA:7,22
DA:15,5
DA:21,5
DA:22,22
LF:5
LH:5
BRF:0
BRH:0
end_of_record
TN:
SF:src/components/Card/index.ts
FNF:0
FNH:0
LF:0
LH:0
BRF:0
BRH:0
end_of_record
TN:
SF:src/components/CardWeather/CardWeather.tsx
FN:13,(anonymous_0)
FNF:1
FNH:1
FNDA:20,(anonymous_0)
DA:13,4
DA:14,20
DA:15,20
DA:17,20
LF:4
LH:4
BRDA:14,0,0,19
BRDA:14,0,1,1
BRF:2
BRH:2
end_of_record
TN:
SF:src/components/CardWeather/index.ts
FNF:0
FNH:0
LF:0
LH:0
BRF:0
BRH:0
end_of_record
TN:
SF:src/components/Forecast/Forecast.tsx
FN:13,(anonymous_0)
FNF:1
FNH:1
FNDA:14,(anonymous_0)
DA:13,4
DA:14,14
LF:2
LH:2
BRF:0
BRH:0
end_of_record
TN:
SF:src/components/Forecast/forecast.styles.ts
FNF:0
FNH:0
DA:5,4
DA:13,4
LF:2
LH:2
BRF:0
BRH:0
end_of_record
TN:
SF:src/components/Forecast/index.ts
FNF:0
FNH:0
LF:0
LH:0
BRF:0
BRH:0
end_of_record
TN:
SF:src/components/Loading/Loading.tsx
FN:15,(anonymous_0)
FNF:1
FNH:1
FNDA:2,(anonymous_0)
DA:15,4
DA:16,2
LF:2
LH:2
BRF:0
BRH:0
end_of_record
TN:
SF:src/components/Loading/index.ts
FNF:0
FNH:0
LF:0
LH:0
BRF:0
BRH:0
end_of_record
TN:
SF:src/components/Loading/loading.styles.ts
FN:11,(anonymous_0)
FNF:1
FNH:1
FNDA:2,(anonymous_0)
DA:5,4
DA:11,2
LF:2
LH:2
BRF:0
BRH:0
end_of_record
TN:
SF:src/components/Typography/Typography.tsx
FN:16,Typography
FNF:1
FNH:1
FNDA:138,Typography
DA:17,138
DA:19,138
DA:23,138
DA:24,86
DA:27,138
LF:5
LH:5
BRDA:23,0,0,86
BRDA:23,0,1,52
BRF:2
BRH:2
end_of_record
TN:
SF:src/components/Typography/index.ts
FNF:0
FNH:0
LF:0
LH:0
BRF:0
BRH:0
end_of_record
TN:
SF:src/components/Typography/typography.styles.ts
FNF:0
FNH:0
DA:8,7
LF:1
LH:1
BRF:0
BRH:0
end_of_record
TN:
SF:src/mock/weather.ts
FNF:0
FNH:0
DA:4,3
DA:25,3
DA:36,3
LF:3
LH:3
BRF:0
BRH:0
end_of_record
TN:
SF:src/screens/Home/Home.tsx
FN:18,Home
FN:20,(anonymous_1)
FN:25,(anonymous_2)
FN:38,(anonymous_3)
FNF:4
FNH:4
FNDA:3,Home
FNDA:3,(anonymous_1)
FNDA:3,(anonymous_2)
FNDA:1,(anonymous_3)
DA:19,3
DA:20,3
DA:23,3
DA:25,3
DA:26,3
DA:29,3
DA:39,1
LF:7
LH:7
BRDA:44,0,0,0
BRDA:44,0,1,3
BRF:2
BRH:1
end_of_record
TN:
SF:src/screens/Home/home.styles.ts
FNF:0
FNH:0
DA:3,1
LF:1
LH:1
BRF:0
BRH:0
end_of_record
TN:
SF:src/screens/Home/components/Forecast/index.tsx
FN:10,(anonymous_0)
FN:11,(anonymous_1)
FN:15,(anonymous_2)
FNF:3
FNH:3
FNDA:4,(anonymous_0)
FNDA:4,(anonymous_1)
FNDA:12,(anonymous_2)
DA:10,2
DA:11,4
DA:13,4
DA:16,12
LF:4
LH:4
BRF:0
BRH:0
end_of_record
TN:
SF:src/screens/Home/components/Forecast/styles.ts
FNF:0
FNH:0
DA:5,2
LF:1
LH:1
BRF:0
BRH:0
end_of_record
TN:
SF:src/screens/Home/components/Header/index.tsx
FN:10,(anonymous_0)
FN:11,(anonymous_1)
FNF:2
FNH:2
FNDA:3,(anonymous_0)
FNDA:3,(anonymous_1)
DA:10,1
DA:11,3
DA:13,3
LF:3
LH:3
BRF:0
BRH:0
end_of_record
TN:
SF:src/screens/Home/components/Header/styles.ts
FNF:0
FNH:0
DA:3,1
LF:1
LH:1
BRF:0
BRH:0
end_of_record
TN:
SF:src/screens/Home/components/Weather/index.tsx
FN:10,(anonymous_0)
FN:11,(anonymous_1)
FNF:2
FNH:2
FNDA:4,(anonymous_0)
FNDA:4,(anonymous_1)
DA:10,2
DA:11,4
DA:13,4
LF:3
LH:3
BRDA:16,0,0,4
BRDA:16,0,1,0
BRDA:20,1,0,4
BRDA:20,1,1,0
BRDA:21,2,0,4
BRDA:21,2,1,0
BRDA:25,3,0,4
BRDA:25,3,1,0
BRDA:26,4,0,4
BRDA:26,4,1,0
BRF:10
BRH:5
end_of_record
TN:
SF:src/screens/Home/components/Weather/styles.ts
FNF:0
FNH:0
DA:5,2
DA:12,2
LF:2
LH:2
BRF:0
BRH:0
end_of_record
TN:
SF:src/themes/colors.ts
FNF:0
FNH:0
LF:0
LH:0
BRF:0
BRH:0
end_of_record
TN:
SF:src/themes/typography.ts
FNF:0
FNH:0
LF:0
LH:0
BRF:0
BRH:0
end_of_record
TN:
SF:src/utils/size.ts
FN:10,(anonymous_0)
FN:16,(anonymous_1)
FN:18,(anonymous_2)
FNF:3
FNH:3
FNDA:43,(anonymous_0)
FNDA:4,(anonymous_1)
FNDA:4,(anonymous_2)
DA:8,8
DA:10,8
DA:11,43
DA:13,43
DA:16,8
DA:18,8
LF:6
LH:6
BRDA:11,0,0,0
BRDA:11,0,1,43
BRF:2
BRH:1
end_of_record
